[2025-10-01 15:26:28] INFO | Logging initialized: level=DEBUG, file=ON
[2025-10-01 15:26:28] INFO | Initializing scanner...
[2025-10-01 15:26:29] INFO | Fetched 666 linear tickers
[2025-10-01 15:26:29] INFO | Universe built: 100 symbols (min_notional=300000.0)
[2025-10-01 15:26:29] INFO | LOG_SYMBOL_FILTER active -> ['# СПИСОК ЧЕРЕЗ ЗАПЯТУЮ', 'PEPEUSDT', 'НАПРИМЕР: SOLUSDT']
[2025-10-01 15:26:29] INFO | Universe ready: 100 symbols
[2025-10-01 15:26:29] INFO | === New cycle #1 | universe=100 ===
[2025-10-01 15:26:30] DEBUG | [1/100] SOLUSDT no-impulse: reason=move_pct_small+vol_mult_small+rsi_midrange
[2025-10-01 15:26:30] DEBUG | [2/100] XPLUSDT no-impulse: reason=move_pct_small+vol_mult_small+rsi_midrange
[2025-10-01 15:26:30] DEBUG | [3/100] XRPUSDT no-impulse: reason=move_pct_small+vol_mult_small+rsi_midrange
[2025-10-01 15:26:30] DEBUG | [4/100] ASTERUSDT no-impulse: reason=move_pct_small+vol_mult_small+rsi_midrange
[2025-10-01 15:26:30] DEBUG | [5/100] DOGEUSDT no-impulse: reason=move_pct_small+vol_mult_small+rsi_midrange
[2025-10-01 15:26:31] DEBUG | [6/100] ALPINEUSDT no-impulse: reason=move_pct_small+vol_mult_small+rsi_midrange
[2025-10-01 15:26:31] DEBUG | [7/100] FARTCOINUSDT no-impulse: reason=move_pct_small+vol_mult_small+rsi_midrange
[2025-10-01 15:26:31] DEBUG | [8/100] PUMPFUNUSDT no-impulse: reason=move_pct_small+vol_mult_small+rsi_midrange
[2025-10-01 15:26:31] DEBUG | [9/100] SUIUSDT no-impulse: reason=move_pct_small+vol_mult_small+rsi_midrange
[2025-10-01 15:26:32] DEBUG | [10/100] HYPEUSDT no-impulse: reason=move_pct_small+vol_mult_small+rsi_midrange
[2025-10-01 15:26:32] DEBUG | [11/100] SQDUSDT no-impulse: reason=move_pct_small+vol_mult_small+rsi_midrange
[2025-10-01 15:26:32] DEBUG | [12/100] ADAUSDT no-impulse: reason=move_pct_small+vol_mult_small+rsi_midrange
[2025-10-01 15:26:32] DEBUG | [13/100] SOMIUSDT no-impulse: reason=move_pct_small+vol_mult_small+rsi_midrange
[2025-10-01 15:26:32] DEBUG | [14/100] WIFUSDT no-impulse: reason=move_pct_small+vol_mult_small+rsi_midrange
[2025-10-01 15:26:33] DEBUG | [15/100] ENAUSDT no-impulse: reason=move_pct_small+vol_mult_small+rsi_midrange
[2025-10-01 15:26:33] DEBUG | [16/100] LINKUSDT no-impulse: reason=move_pct_small+vol_mult_small+rsi_midrange
[2025-10-01 15:26:33] DEBUG | [17/100] AVAXUSDT no-impulse: reason=move_pct_small+vol_mult_small+rsi_midrange
[2025-10-01 15:26:33] DEBUG | [18/100] BNBUSDT no-impulse: reason=move_pct_small+vol_mult_small+rsi_midrange
[2025-10-01 15:26:33] DEBUG | [19/100] FFUSDT no-impulse: reason=move_pct_small+vol_mult_small+rsi_midrange
[2025-10-01 15:26:34] DEBUG | [20/100] 1000PEPEUSDT no-impulse: reason=move_pct_small+vol_mult_small+rsi_midrange
[2025-10-01 15:26:34] DEBUG | [21/100] DRIFTUSDT no-impulse: reason=move_pct_small+vol_mult_small+rsi_midrange
[2025-10-01 15:26:34] DEBUG | [22/100] MYXUSDT no-impulse: reason=move_pct_small+vol_mult_small+rsi_midrange
[2025-10-01 15:26:34] DEBUG | [23/100] APEXUSDT no-impulse: reason=move_pct_small+vol_mult_small+rsi_midrange
[2025-10-01 15:26:34] DEBUG | [24/100] AVNTUSDT no-impulse: reason=move_pct_small+vol_mult_small+rsi_midrange
[2025-10-01 15:26:35] DEBUG | [25/100] MNTUSDT no-impulse: reason=move_pct_small+rsi_midrange
[2025-10-01 15:26:35] DEBUG | [26/100] 0GUSDT no-impulse: reason=move_pct_small+vol_mult_small+rsi_midrange
[2025-10-01 15:26:35] DEBUG | [27/100] ORDERUSDT no-impulse: reason=move_pct_small+vol_mult_small+rsi_midrange
[2025-10-01 15:26:35] DEBUG | [28/100] STBLUSDT no-impulse: reason=move_pct_small+vol_mult_small+rsi_midrange
[2025-10-01 15:26:36] DEBUG | [29/100] AAVEUSDT no-impulse: reason=move_pct_small+vol_mult_small+rsi_midrange
[2025-10-01 15:26:36] DEBUG | [30/100] MUSDT no-impulse: reason=move_pct_small+vol_mult_small+rsi_midrange
[2025-10-01 15:26:36] DEBUG | [31/100] ONDOUSDT no-impulse: reason=move_pct_small+vol_mult_small+rsi_midrange
[2025-10-01 15:26:36] DEBUG | [32/100] EDENUSDT no-impulse: reason=move_pct_small+vol_mult_small+rsi_midrange
[2025-10-01 15:26:37] DEBUG | [33/100] NEARUSDT no-impulse: reason=move_pct_small+vol_mult_small+rsi_midrange
[2025-10-01 15:26:37] DEBUG | [34/100] MIRAUSDT no-impulse: reason=move_pct_small+vol_mult_small+rsi_midrange
[2025-10-01 15:26:37] DEBUG | [35/100] XANUSDT no-impulse: reason=move_pct_small+vol_mult_small+rsi_midrange
[2025-10-01 15:26:38] DEBUG | [36/100] LTCUSDT no-impulse: reason=move_pct_small+vol_mult_small+rsi_midrange
[2025-10-01 15:26:38] DEBUG | [37/100] STRKUSDT no-impulse: reason=move_pct_small+vol_mult_small+rsi_midrange
[2025-10-01 15:26:38] DEBUG | [38/100] ZECUSDT no-impulse: reason=move_pct_small+vol_mult_small
[2025-10-01 15:26:39] DEBUG | [39/100] WLDUSDT no-impulse: reason=move_pct_small+vol_mult_small
[2025-10-01 15:26:39] DEBUG | [40/100] ARBUSDT no-impulse: reason=move_pct_small+vol_mult_small+rsi_midrange
[2025-10-01 15:26:39] DEBUG | [41/100] VFYUSDT no-impulse: reason=move_pct_small+vol_mult_small+rsi_midrange
[2025-10-01 15:26:39] DEBUG | [42/100] WLFIUSDT no-impulse: reason=move_pct_small+vol_mult_small+rsi_midrange
[2025-10-01 15:26:40] DEBUG | [43/100] AVLUSDT no-impulse: reason=move_pct_small+vol_mult_small+rsi_midrange
[2025-10-01 15:26:40] DEBUG | [44/100] DOTUSDT no-impulse: reason=move_pct_small+vol_mult_small+rsi_midrange
[2025-10-01 15:26:40] DEBUG | [45/100] KAITOUSDT no-impulse: reason=move_pct_small+vol_mult_small+rsi_midrange
[2025-10-01 15:26:41] DEBUG | [46/100] PENGUUSDT no-impulse: reason=move_pct_small+vol_mult_small+rsi_midrange
[2025-10-01 15:26:41] DEBUG | [47/100] EIGENUSDT no-impulse: reason=move_pct_small+vol_mult_small+rsi_midrange
[2025-10-01 15:26:41] DEBUG | [48/100] PENDLEUSDT no-impulse: reason=move_pct_small+vol_mult_small+rsi_midrange
[2025-10-01 15:26:41] DEBUG | [49/100] 1000BONKUSDT no-impulse: reason=move_pct_small+vol_mult_small+rsi_midrange
[2025-10-01 15:26:42] DEBUG | [50/100] LDOUSDT no-impulse: reason=move_pct_small+vol_mult_small+rsi_midrange
[2025-10-01 15:26:42] DEBUG | [51/100] CRVUSDT no-impulse: reason=move_pct_small+vol_mult_small+rsi_midrange
[2025-10-01 15:26:42] DEBUG | [52/100] APTUSDT no-impulse: reason=move_pct_small+vol_mult_small+rsi_midrange
[2025-10-01 15:26:43] DEBUG | [53/100] HBARUSDT no-impulse: reason=move_pct_small+vol_mult_small+rsi_midrange
[2025-10-01 15:26:43] DEBUG | [54/100] SEIUSDT no-impulse: reason=move_pct_small+vol_mult_small+rsi_midrange
[2025-10-01 15:26:43] DEBUG | [55/100] UNIUSDT no-impulse: reason=move_pct_small+vol_mult_small+rsi_midrange
[2025-10-01 15:26:43] DEBUG | [56/100] TRUMPUSDT no-impulse: reason=move_pct_small+vol_mult_small+rsi_midrange
[2025-10-01 15:26:44] DEBUG | [57/100] BCHUSDT no-impulse: reason=move_pct_small+vol_mult_small+rsi_midrange
[2025-10-01 15:26:44] DEBUG | [58/100] SNXUSDT no-impulse: reason=move_pct_small+vol_mult_small+rsi_midrange
[2025-10-01 15:26:44] DEBUG | [59/100] ATHUSDT no-impulse: reason=move_pct_small+vol_mult_small+rsi_midrange
[2025-10-01 15:26:45] DEBUG | [60/100] SUPERUSDT no-impulse: reason=move_pct_small+vol_mult_small+rsi_midrange
[2025-10-01 15:26:45] DEBUG | [61/100] LAUNCHCOINUSDT no-impulse: reason=move_pct_small+vol_mult_small+rsi_midrange
[2025-10-01 15:26:45] DEBUG | [62/100] XLMUSDT no-impulse: reason=move_pct_small+vol_mult_small+rsi_midrange
[2025-10-01 15:26:45] DEBUG | [63/100] ZENUSDT no-impulse: reason=move_pct_small+vol_mult_small+rsi_midrange
[2025-10-01 15:26:46] DEBUG | [64/100] VIRTUALUSDT no-impulse: reason=move_pct_small+vol_mult_small+rsi_midrange
[2025-10-01 15:26:46] DEBUG | [65/100] LIGHTUSDT no-impulse: reason=move_pct_small+vol_mult_small+rsi_midrange
[2025-10-01 15:26:46] DEBUG | [66/100] OPUSDT no-impulse: reason=move_pct_small+vol_mult_small+rsi_midrange
[2025-10-01 15:26:46] DEBUG | [67/100] XAUTUSDT no-impulse: reason=move_pct_small+vol_mult_small+rsi_midrange
[2025-10-01 15:26:46] DEBUG | [68/100] BLESSUSDT no-impulse: reason=move_pct_small+vol_mult_small+rsi_midrange
[2025-10-01 15:26:47] DEBUG | [69/100] GALAUSDT no-impulse: reason=move_pct_small+vol_mult_small+rsi_midrange
[2025-10-01 15:26:47] DEBUG | [70/100] PUMPBTCUSDT no-impulse: reason=move_pct_small+vol_mult_small+rsi_midrange
[2025-10-01 15:26:48] DEBUG | [71/100] HIFIUSDT no-impulse: reason=move_pct_small+vol_mult_small+rsi_midrange
[2025-10-01 15:26:48] DEBUG | [72/100] AIAUSDT no-impulse: reason=vol_mult_small+rsi_midrange
[2025-10-01 15:26:48] DEBUG | [73/100] TONUSDT no-impulse: reason=move_pct_small+vol_mult_small
[2025-10-01 15:26:49] DEBUG | [74/100] MOODENGUSDT no-impulse: reason=move_pct_small+vol_mult_small+rsi_midrange
[2025-10-01 15:26:49] DEBUG | [75/100] HUSDT no-impulse: reason=move_pct_small+vol_mult_small
[2025-10-01 15:26:49] DEBUG | [76/100] SPXUSDT no-impulse: reason=move_pct_small+vol_mult_small+rsi_midrange
[2025-10-01 15:26:49] DEBUG | [77/100] BARDUSDT no-impulse: reason=move_pct_small+vol_mult_small+rsi_midrange
[2025-10-01 15:26:49] DEBUG | [78/100] ETCUSDT no-impulse: reason=move_pct_small+vol_mult_small+rsi_midrange
[2025-10-01 15:26:50] DEBUG | [79/100] IPUSDT no-impulse: reason=move_pct_small+vol_mult_small+rsi_midrange
[2025-10-01 15:26:50] DEBUG | [80/100] ETHFIUSDT no-impulse: reason=move_pct_small+vol_mult_small+rsi_midrange
[2025-10-01 15:26:51] DEBUG | [81/100] ZORAUSDT no-impulse: reason=move_pct_small+vol_mult_small+rsi_midrange
[2025-10-01 15:26:51] DEBUG | [82/100] LINEAUSDT no-impulse: reason=move_pct_small+vol_mult_small+rsi_midrange
[2025-10-01 15:26:51] DEBUG | [83/100] AI16ZUSDT no-impulse: reason=move_pct_small+vol_mult_small+rsi_midrange
[2025-10-01 15:26:52] DEBUG | [84/100] TIAUSDT no-impulse: reason=move_pct_small+vol_mult_small+rsi_midrange
[2025-10-01 15:26:52] DEBUG | [85/100] INJUSDT no-impulse: reason=move_pct_small+vol_mult_small+rsi_midrange
[2025-10-01 15:26:52] DEBUG | [86/100] SHIB1000USDT no-impulse: reason=move_pct_small+vol_mult_small+rsi_midrange
[2025-10-01 15:26:52] DEBUG | [87/100] TRXUSDT no-impulse: reason=move_pct_small+vol_mult_small+rsi_midrange
[2025-10-01 15:26:53] DEBUG | [88/100] SUSDT no-impulse: reason=move_pct_small+vol_mult_small+rsi_midrange
[2025-10-01 15:26:53] DEBUG | [89/100] BERAUSDT no-impulse: reason=move_pct_small+vol_mult_small+rsi_midrange
[2025-10-01 15:26:53] DEBUG | [90/100] ZKCUSDT no-impulse: reason=move_pct_small+vol_mult_small+rsi_midrange
[2025-10-01 15:26:53] DEBUG | [91/100] JUPUSDT no-impulse: reason=move_pct_small+vol_mult_small+rsi_midrange
[2025-10-01 15:26:53] DEBUG | [92/100] COWUSDT no-impulse: reason=move_pct_small+vol_mult_small+rsi_midrange
[2025-10-01 15:26:54] DEBUG | [93/100] USELESSUSDT no-impulse: reason=move_pct_small+rsi_midrange
[2025-10-01 15:26:54] DEBUG | [94/100] POPCATUSDT no-impulse: reason=move_pct_small+vol_mult_small+rsi_midrange
[2025-10-01 15:26:55] DEBUG | [95/100] IMXUSDT no-impulse: reason=move_pct_small+vol_mult_small+rsi_midrange
[2025-10-01 15:26:55] DEBUG | [96/100] WUSDT no-impulse: reason=move_pct_small+vol_mult_small+rsi_midrange
[2025-10-01 15:26:55] DEBUG | [97/100] ATOMUSDT no-impulse: reason=move_pct_small+rsi_midrange
[2025-10-01 15:26:55] DEBUG | [98/100] TAOUSDT no-impulse: reason=move_pct_small+vol_mult_small+rsi_midrange
[2025-10-01 15:26:56] DEBUG | [99/100] BIOUSDT no-impulse: reason=move_pct_small+vol_mult_small+rsi_midrange
[2025-10-01 15:26:56] DEBUG | [100/100] PYTHUSDT no-impulse: reason=move_pct_small+vol_mult_small+rsi_midrange
[2025-10-01 15:26:56] INFO | === Cycle #1 done in 26.42s; sleep 20s ===
[2025-10-01 15:27:16] INFO | === New cycle #2 | universe=100 ===
[2025-10-01 15:27:16] DEBUG | [1/100] SOLUSDT no-impulse: reason=move_pct_small+vol_mult_small+rsi_midrange
[2025-10-01 15:27:16] DEBUG | [2/100] XPLUSDT no-impulse: reason=move_pct_small+vol_mult_small+rsi_midrange
[2025-10-01 15:27:16] DEBUG | [3/100] XRPUSDT no-impulse: reason=move_pct_small+vol_mult_small+rsi_midrange
[2025-10-01 15:27:17] DEBUG | [4/100] ASTERUSDT no-impulse: reason=move_pct_small+vol_mult_small+rsi_midrange
[2025-10-01 15:27:17] DEBUG | [5/100] DOGEUSDT no-impulse: reason=move_pct_small+vol_mult_small+rsi_midrange
[2025-10-01 15:27:17] DEBUG | [6/100] ALPINEUSDT no-impulse: reason=move_pct_small+vol_mult_small+rsi_midrange
[2025-10-01 15:27:17] DEBUG | [7/100] FARTCOINUSDT no-impulse: reason=move_pct_small+vol_mult_small+rsi_midrange
[2025-10-01 15:27:17] DEBUG | [8/100] PUMPFUNUSDT no-impulse: reason=move_pct_small+vol_mult_small+rsi_midrange
[2025-10-01 15:27:18] DEBUG | [9/100] SUIUSDT no-impulse: reason=move_pct_small+vol_mult_small+rsi_midrange
[2025-10-01 15:27:18] DEBUG | [10/100] HYPEUSDT no-impulse: reason=move_pct_small+vol_mult_small
[2025-10-01 15:27:18] DEBUG | [11/100] SQDUSDT no-impulse: reason=move_pct_small+vol_mult_small+rsi_midrange
[2025-10-01 15:27:18] DEBUG | [12/100] ADAUSDT no-impulse: reason=move_pct_small+vol_mult_small+rsi_midrange
[2025-10-01 15:27:19] DEBUG | [13/100] SOMIUSDT no-impulse: reason=move_pct_small+vol_mult_small+rsi_midrange
[2025-10-01 15:27:19] DEBUG | [14/100] WIFUSDT no-impulse: reason=move_pct_small+vol_mult_small+rsi_midrange
[2025-10-01 15:27:19] DEBUG | [15/100] ENAUSDT no-impulse: reason=move_pct_small+vol_mult_small+rsi_midrange
[2025-10-01 15:27:19] DEBUG | [16/100] LINKUSDT no-impulse: reason=move_pct_small+vol_mult_small+rsi_midrange
[2025-10-01 15:27:19] DEBUG | [17/100] AVAXUSDT no-impulse: reason=move_pct_small+vol_mult_small+rsi_midrange
[2025-10-01 15:27:20] DEBUG | [18/100] BNBUSDT no-impulse: reason=move_pct_small+vol_mult_small+rsi_midrange
[2025-10-01 15:27:20] DEBUG | [19/100] FFUSDT no-impulse: reason=move_pct_small+vol_mult_small+rsi_midrange
[2025-10-01 15:27:20] DEBUG | [20/100] 1000PEPEUSDT no-impulse: reason=move_pct_small+vol_mult_small+rsi_midrange
[2025-10-01 15:27:20] DEBUG | [21/100] DRIFTUSDT no-impulse: reason=move_pct_small+vol_mult_small+rsi_midrange
[2025-10-01 15:27:21] DEBUG | [22/100] MYXUSDT no-impulse: reason=move_pct_small+vol_mult_small+rsi_midrange
[2025-10-01 15:27:21] DEBUG | [23/100] APEXUSDT no-impulse: reason=move_pct_small+vol_mult_small+rsi_midrange
[2025-10-01 15:27:21] DEBUG | [24/100] AVNTUSDT no-impulse: reason=move_pct_small+vol_mult_small+rsi_midrange
[2025-10-01 15:27:22] DEBUG | [25/100] MNTUSDT no-impulse: reason=move_pct_small+vol_mult_small
[2025-10-01 15:27:22] DEBUG | [26/100] 0GUSDT no-impulse: reason=move_pct_small+vol_mult_small+rsi_midrange
[2025-10-01 15:27:23] DEBUG | [27/100] ORDERUSDT no-impulse: reason=move_pct_small+vol_mult_small+rsi_midrange
[2025-10-01 15:27:23] DEBUG | [28/100] STBLUSDT no-impulse: reason=move_pct_small+vol_mult_small+rsi_midrange
[2025-10-01 15:27:23] DEBUG | [29/100] AAVEUSDT no-impulse: reason=move_pct_small+vol_mult_small+rsi_midrange
[2025-10-01 15:27:23] DEBUG | [30/100] MUSDT no-impulse: reason=move_pct_small+vol_mult_small+rsi_midrange
[2025-10-01 15:27:23] DEBUG | [31/100] ONDOUSDT no-impulse: reason=move_pct_small+vol_mult_small+rsi_midrange
[2025-10-01 15:27:24] DEBUG | [32/100] EDENUSDT no-impulse: reason=move_pct_small+vol_mult_small+rsi_midrange
[2025-10-01 15:27:24] DEBUG | [33/100] NEARUSDT no-impulse: reason=move_pct_small+vol_mult_small+rsi_midrange
[2025-10-01 15:27:25] DEBUG | [34/100] MIRAUSDT no-impulse: reason=move_pct_small+vol_mult_small+rsi_midrange
[2025-10-01 15:27:25] DEBUG | [35/100] XANUSDT no-impulse: reason=move_pct_small+vol_mult_small+rsi_midrange
[2025-10-01 15:27:25] DEBUG | [36/100] LTCUSDT no-impulse: reason=move_pct_small+vol_mult_small+rsi_midrange
[2025-10-01 15:27:25] DEBUG | [37/100] STRKUSDT no-impulse: reason=move_pct_small+vol_mult_small+rsi_midrange
[2025-10-01 15:27:25] DEBUG | [38/100] ZECUSDT no-impulse: reason=move_pct_small+vol_mult_small
[2025-10-01 15:27:26] DEBUG | [39/100] WLDUSDT no-impulse: reason=move_pct_small+vol_mult_small
[2025-10-01 15:27:27] DEBUG | [40/100] ARBUSDT no-impulse: reason=move_pct_small+vol_mult_small+rsi_midrange
[2025-10-01 15:27:27] DEBUG | [41/100] VFYUSDT no-impulse: reason=move_pct_small+vol_mult_small+rsi_midrange
[2025-10-01 15:27:27] DEBUG | [42/100] WLFIUSDT no-impulse: reason=move_pct_small+rsi_midrange
[2025-10-01 15:27:28] DEBUG | [43/100] AVLUSDT no-impulse: reason=move_pct_small+vol_mult_small+rsi_midrange
[2025-10-01 15:27:28] DEBUG | [44/100] DOTUSDT no-impulse: reason=move_pct_small+vol_mult_small+rsi_midrange
[2025-10-01 15:27:28] DEBUG | [45/100] KAITOUSDT no-impulse: reason=move_pct_small+vol_mult_small+rsi_midrange
[2025-10-01 15:27:28] DEBUG | [46/100] PENGUUSDT no-impulse: reason=move_pct_small+vol_mult_small+rsi_midrange
[2025-10-01 15:27:29] DEBUG | [47/100] EIGENUSDT no-impulse: reason=move_pct_small+vol_mult_small+rsi_midrange
[2025-10-01 15:27:29] DEBUG | [48/100] PENDLEUSDT no-impulse: reason=move_pct_small+vol_mult_small+rsi_midrange
[2025-10-01 15:27:29] DEBUG | [49/100] 1000BONKUSDT no-impulse: reason=move_pct_small+vol_mult_small+rsi_midrange
[2025-10-01 15:27:29] DEBUG | [50/100] LDOUSDT no-impulse: reason=move_pct_small+vol_mult_small+rsi_midrange
[2025-10-01 15:27:29] DEBUG | [51/100] CRVUSDT no-impulse: reason=move_pct_small+vol_mult_small+rsi_midrange
[2025-10-01 15:27:30] DEBUG | [52/100] APTUSDT no-impulse: reason=move_pct_small+vol_mult_small+rsi_midrange
[2025-10-01 15:27:30] DEBUG | [53/100] HBARUSDT no-impulse: reason=move_pct_small+vol_mult_small+rsi_midrange
[2025-10-01 15:27:30] DEBUG | [54/100] SEIUSDT no-impulse: reason=move_pct_small+vol_mult_small+rsi_midrange
[2025-10-01 15:27:30] DEBUG | [55/100] UNIUSDT no-impulse: reason=move_pct_small+vol_mult_small+rsi_midrange
[2025-10-01 15:27:30] DEBUG | [56/100] TRUMPUSDT no-impulse: reason=move_pct_small+vol_mult_small+rsi_midrange
[2025-10-01 15:27:31] DEBUG | [57/100] BCHUSDT no-impulse: reason=move_pct_small+vol_mult_small+rsi_midrange
[2025-10-01 15:27:31] DEBUG | [58/100] SNXUSDT no-impulse: reason=move_pct_small+vol_mult_small+rsi_midrange
[2025-10-01 15:27:31] DEBUG | [59/100] ATHUSDT no-impulse: reason=move_pct_small+vol_mult_small+rsi_midrange
[2025-10-01 15:27:31] DEBUG | [60/100] SUPERUSDT no-impulse: reason=move_pct_small+vol_mult_small+rsi_midrange
[2025-10-01 15:27:32] DEBUG | [61/100] LAUNCHCOINUSDT no-impulse: reason=move_pct_small+vol_mult_small+rsi_midrange
[2025-10-01 15:27:32] DEBUG | [62/100] XLMUSDT no-impulse: reason=move_pct_small+vol_mult_small+rsi_midrange
[2025-10-01 15:27:32] DEBUG | [63/100] ZENUSDT no-impulse: reason=move_pct_small+vol_mult_small+rsi_midrange
[2025-10-01 15:27:32] DEBUG | [64/100] VIRTUALUSDT no-impulse: reason=move_pct_small+vol_mult_small+rsi_midrange
[2025-10-01 15:27:33] DEBUG | [65/100] LIGHTUSDT no-impulse: reason=move_pct_small+vol_mult_small+rsi_midrange
[2025-10-01 15:27:33] DEBUG | [66/100] OPUSDT no-impulse: reason=move_pct_small+vol_mult_small+rsi_midrange
[2025-10-01 15:27:33] DEBUG | [67/100] XAUTUSDT no-impulse: reason=move_pct_small+vol_mult_small+rsi_midrange
[2025-10-01 15:27:33] DEBUG | [68/100] BLESSUSDT no-impulse: reason=move_pct_small+vol_mult_small+rsi_midrange
[2025-10-01 15:27:33] DEBUG | [69/100] GALAUSDT no-impulse: reason=move_pct_small+vol_mult_small+rsi_midrange
[2025-10-01 15:27:34] DEBUG | [70/100] PUMPBTCUSDT no-impulse: reason=move_pct_small+vol_mult_small+rsi_midrange
[2025-10-01 15:27:34] DEBUG | [71/100] HIFIUSDT no-impulse: reason=move_pct_small+vol_mult_small+rsi_midrange
[2025-10-01 15:27:35] DEBUG | [72/100] AIAUSDT no-impulse: reason=move_pct_small+vol_mult_small+rsi_midrange
[2025-10-01 15:27:35] DEBUG | [73/100] TONUSDT no-impulse: reason=move_pct_small+vol_mult_small
[2025-10-01 15:27:36] DEBUG | [74/100] MOODENGUSDT no-impulse: reason=move_pct_small+vol_mult_small+rsi_midrange
[2025-10-01 15:27:36] DEBUG | [75/100] HUSDT no-impulse: reason=move_pct_small+vol_mult_small+rsi_midrange
[2025-10-01 15:27:36] DEBUG | [76/100] SPXUSDT no-impulse: reason=move_pct_small+vol_mult_small+rsi_midrange
[2025-10-01 15:27:36] DEBUG | [77/100] BARDUSDT no-impulse: reason=move_pct_small+vol_mult_small+rsi_midrange
[2025-10-01 15:27:36] DEBUG | [78/100] ETCUSDT no-impulse: reason=move_pct_small+vol_mult_small+rsi_midrange
[2025-10-01 15:27:37] DEBUG | [79/100] IPUSDT no-impulse: reason=move_pct_small+vol_mult_small+rsi_midrange
[2025-10-01 15:27:37] DEBUG | [80/100] ETHFIUSDT no-impulse: reason=move_pct_small+vol_mult_small+rsi_midrange
[2025-10-01 15:27:37] DEBUG | [81/100] ZORAUSDT no-impulse: reason=move_pct_small+vol_mult_small+rsi_midrange
[2025-10-01 15:27:37] DEBUG | [82/100] LINEAUSDT no-impulse: reason=move_pct_small+vol_mult_small+rsi_midrange
[2025-10-01 15:27:37] DEBUG | [83/100] AI16ZUSDT no-impulse: reason=move_pct_small+vol_mult_small+rsi_midrange
[2025-10-01 15:27:38] DEBUG | [84/100] TIAUSDT no-impulse: reason=move_pct_small+vol_mult_small+rsi_midrange
[2025-10-01 15:27:38] DEBUG | [85/100] INJUSDT no-impulse: reason=move_pct_small+vol_mult_small+rsi_midrange
[2025-10-01 15:27:38] DEBUG | [86/100] SHIB1000USDT no-impulse: reason=move_pct_small+vol_mult_small+rsi_midrange
[2025-10-01 15:27:38] DEBUG | [87/100] TRXUSDT no-impulse: reason=move_pct_small+vol_mult_small+rsi_midrange
[2025-10-01 15:27:39] DEBUG | [88/100] SUSDT no-impulse: reason=move_pct_small+vol_mult_small+rsi_midrange
[2025-10-01 15:27:39] DEBUG | [89/100] BERAUSDT no-impulse: reason=move_pct_small+vol_mult_small+rsi_midrange
[2025-10-01 15:27:39] DEBUG | [90/100] ZKCUSDT no-impulse: reason=move_pct_small+vol_mult_small
[2025-10-01 15:27:39] DEBUG | [91/100] JUPUSDT no-impulse: reason=move_pct_small+vol_mult_small+rsi_midrange
[2025-10-01 15:27:39] DEBUG | [92/100] COWUSDT no-impulse: reason=move_pct_small+vol_mult_small+rsi_midrange
[2025-10-01 15:27:40] DEBUG | [93/100] USELESSUSDT no-impulse: reason=move_pct_small+rsi_midrange
[2025-10-01 15:27:40] DEBUG | [94/100] POPCATUSDT no-impulse: reason=move_pct_small+vol_mult_small+rsi_midrange
[2025-10-01 15:27:40] DEBUG | [95/100] IMXUSDT no-impulse: reason=move_pct_small+vol_mult_small+rsi_midrange
[2025-10-01 15:27:40] DEBUG | [96/100] WUSDT no-impulse: reason=move_pct_small+vol_mult_small+rsi_midrange
[2025-10-01 15:27:40] DEBUG | [97/100] ATOMUSDT no-impulse: reason=move_pct_small+vol_mult_small+rsi_midrange
[2025-10-01 15:27:41] DEBUG | [98/100] TAOUSDT no-impulse: reason=move_pct_small+vol_mult_small+rsi_midrange
[2025-10-01 15:27:41] DEBUG | [99/100] BIOUSDT no-impulse: reason=move_pct_small+vol_mult_small+rsi_midrange
[2025-10-01 15:27:41] DEBUG | [100/100] PYTHUSDT no-impulse: reason=move_pct_small+vol_mult_small+rsi_midrange
[2025-10-01 15:27:41] INFO | === Cycle #2 done in 25.34s; sleep 20s ===
[2025-10-01 15:28:01] INFO | === New cycle #3 | universe=100 ===
[2025-10-01 15:28:01] DEBUG | [1/100] SOLUSDT no-impulse: reason=move_pct_small+vol_mult_small+rsi_midrange
[2025-10-01 15:28:02] DEBUG | [2/100] XPLUSDT no-impulse: reason=move_pct_small+vol_mult_small+rsi_midrange
[2025-10-01 15:28:02] DEBUG | [3/100] XRPUSDT no-impulse: reason=move_pct_small+vol_mult_small+rsi_midrange
[2025-10-01 15:28:02] DEBUG | [4/100] ASTERUSDT no-impulse: reason=move_pct_small+vol_mult_small+rsi_midrange
[2025-10-01 15:28:03] DEBUG | [5/100] DOGEUSDT no-impulse: reason=move_pct_small+rsi_midrange
[2025-10-01 15:28:03] DEBUG | [6/100] ALPINEUSDT no-impulse: reason=move_pct_small+vol_mult_small+rsi_midrange
[2025-10-01 15:28:03] DEBUG | [7/100] FARTCOINUSDT no-impulse: reason=move_pct_small+vol_mult_small+rsi_midrange
[2025-10-01 15:28:03] DEBUG | [8/100] PUMPFUNUSDT no-impulse: reason=move_pct_small+vol_mult_small
[2025-10-01 15:28:04] DEBUG | [9/100] SUIUSDT no-impulse: reason=move_pct_small+vol_mult_small+rsi_midrange
[2025-10-01 15:28:04] DEBUG | [10/100] HYPEUSDT no-impulse: reason=move_pct_small+vol_mult_small+rsi_midrange
[2025-10-01 15:28:04] DEBUG | [11/100] SQDUSDT no-impulse: reason=move_pct_small+vol_mult_small+rsi_midrange
[2025-10-01 15:28:04] DEBUG | [12/100] ADAUSDT no-impulse: reason=move_pct_small+vol_mult_small+rsi_midrange
[2025-10-01 15:28:04] DEBUG | [13/100] SOMIUSDT no-impulse: reason=move_pct_small+vol_mult_small+rsi_midrange
[2025-10-01 15:28:05] DEBUG | [14/100] WIFUSDT no-impulse: reason=move_pct_small+vol_mult_small+rsi_midrange
[2025-10-01 15:28:05] DEBUG | [15/100] ENAUSDT no-impulse: reason=move_pct_small+vol_mult_small+rsi_midrange
[2025-10-01 15:28:05] DEBUG | [16/100] LINKUSDT no-impulse: reason=move_pct_small+vol_mult_small+rsi_midrange
[2025-10-01 15:28:05] DEBUG | [17/100] AVAXUSDT no-impulse: reason=move_pct_small+vol_mult_small+rsi_midrange
[2025-10-01 15:28:05] DEBUG | [18/100] BNBUSDT no-impulse: reason=move_pct_small+vol_mult_small+rsi_midrange
[2025-10-01 15:28:06] DEBUG | [19/100] FFUSDT no-impulse: reason=move_pct_small+vol_mult_small+rsi_midrange
[2025-10-01 15:28:06] DEBUG | [20/100] 1000PEPEUSDT no-impulse: reason=move_pct_small+vol_mult_small+rsi_midrange
[2025-10-01 15:28:06] DEBUG | [21/100] DRIFTUSDT no-impulse: reason=move_pct_small+vol_mult_small+rsi_midrange
[2025-10-01 15:28:06] DEBUG | [22/100] MYXUSDT no-impulse: reason=move_pct_small+vol_mult_small+rsi_midrange
[2025-10-01 15:28:07] DEBUG | [23/100] APEXUSDT no-impulse: reason=move_pct_small+vol_mult_small+rsi_midrange
[2025-10-01 15:28:07] DEBUG | [24/100] AVNTUSDT no-impulse: reason=move_pct_small+vol_mult_small+rsi_midrange
[2025-10-01 15:28:07] DEBUG | [25/100] MNTUSDT no-impulse: reason=move_pct_small+vol_mult_small+rsi_midrange
[2025-10-01 15:28:07] DEBUG | [26/100] 0GUSDT no-impulse: reason=move_pct_small+vol_mult_small+rsi_midrange
[2025-10-01 15:28:07] DEBUG | [27/100] ORDERUSDT no-impulse: reason=move_pct_small+vol_mult_small+rsi_midrange
[2025-10-01 15:28:08] DEBUG | [28/100] STBLUSDT no-impulse: reason=move_pct_small+vol_mult_small+rsi_midrange
[2025-10-01 15:28:08] DEBUG | [29/100] AAVEUSDT no-impulse: reason=move_pct_small+rsi_midrange
[2025-10-01 15:28:08] DEBUG | [30/100] MUSDT no-impulse: reason=move_pct_small+vol_mult_small+rsi_midrange
[2025-10-01 15:28:08] DEBUG | [31/100] ONDOUSDT no-impulse: reason=move_pct_small+vol_mult_small+rsi_midrange
[2025-10-01 15:28:08] DEBUG | [32/100] EDENUSDT no-impulse: reason=move_pct_small+vol_mult_small+rsi_midrange
[2025-10-01 15:28:09] DEBUG | [33/100] NEARUSDT no-impulse: reason=move_pct_small+vol_mult_small+rsi_midrange
[2025-10-01 15:28:09] DEBUG | [34/100] MIRAUSDT no-impulse: reason=move_pct_small+vol_mult_small+rsi_midrange
[2025-10-01 15:28:09] DEBUG | [35/100] XANUSDT no-impulse: reason=move_pct_small+vol_mult_small+rsi_midrange
[2025-10-01 15:28:09] DEBUG | [36/100] LTCUSDT no-impulse: reason=move_pct_small+vol_mult_small+rsi_midrange
[2025-10-01 15:28:09] DEBUG | [37/100] STRKUSDT no-impulse: reason=move_pct_small+vol_mult_small+rsi_midrange
[2025-10-01 15:28:10] DEBUG | [38/100] ZECUSDT no-impulse: reason=move_pct_small+vol_mult_small
[2025-10-01 15:28:10] DEBUG | [39/100] WLDUSDT no-impulse: reason=move_pct_small+vol_mult_small
[2025-10-01 15:28:10] DEBUG | [40/100] ARBUSDT no-impulse: reason=move_pct_small+vol_mult_small+rsi_midrange
[2025-10-01 15:28:10] DEBUG | [41/100] VFYUSDT no-impulse: reason=move_pct_small+vol_mult_small+rsi_midrange
[2025-10-01 15:28:11] DEBUG | [42/100] WLFIUSDT no-impulse: reason=move_pct_small+rsi_midrange
[2025-10-01 15:28:11] DEBUG | [43/100] AVLUSDT no-impulse: reason=move_pct_small+vol_mult_small+rsi_midrange
[2025-10-01 15:28:11] DEBUG | [44/100] DOTUSDT no-impulse: reason=move_pct_small+vol_mult_small+rsi_midrange
[2025-10-01 15:28:11] DEBUG | [45/100] KAITOUSDT no-impulse: reason=move_pct_small+vol_mult_small+rsi_midrange
[2025-10-01 15:28:11] DEBUG | [46/100] PENGUUSDT no-impulse: reason=move_pct_small+vol_mult_small+rsi_midrange
[2025-10-01 15:28:12] DEBUG | [47/100] EIGENUSDT no-impulse: reason=move_pct_small+vol_mult_small+rsi_midrange
[2025-10-01 15:28:12] DEBUG | [48/100] PENDLEUSDT no-impulse: reason=move_pct_small+vol_mult_small+rsi_midrange
[2025-10-01 15:28:13] DEBUG | [49/100] 1000BONKUSDT no-impulse: reason=move_pct_small+vol_mult_small+rsi_midrange
[2025-10-01 15:28:13] DEBUG | [50/100] LDOUSDT no-impulse: reason=move_pct_small+vol_mult_small+rsi_midrange
[2025-10-01 15:28:13] DEBUG | [51/100] CRVUSDT no-impulse: reason=move_pct_small+vol_mult_small+rsi_midrange
[2025-10-01 15:28:13] DEBUG | [52/100] APTUSDT no-impulse: reason=move_pct_small+vol_mult_small+rsi_midrange
[2025-10-01 15:28:13] DEBUG | [53/100] HBARUSDT no-impulse: reason=move_pct_small+vol_mult_small+rsi_midrange
[2025-10-01 15:28:14] DEBUG | [54/100] SEIUSDT no-impulse: reason=move_pct_small+vol_mult_small+rsi_midrange
[2025-10-01 15:28:14] DEBUG | [55/100] UNIUSDT no-impulse: reason=move_pct_small+vol_mult_small+rsi_midrange
[2025-10-01 15:28:15] DEBUG | [56/100] TRUMPUSDT no-impulse: reason=move_pct_small+vol_mult_small+rsi_midrange
[2025-10-01 15:28:15] DEBUG | [57/100] BCHUSDT no-impulse: reason=move_pct_small+vol_mult_small+rsi_midrange
[2025-10-01 15:28:15] DEBUG | [58/100] SNXUSDT no-impulse: reason=move_pct_small+vol_mult_small+rsi_midrange
[2025-10-01 15:28:15] DEBUG | [59/100] ATHUSDT no-impulse: reason=move_pct_small+vol_mult_small+rsi_midrange
[2025-10-01 15:28:16] DEBUG | [60/100] SUPERUSDT no-impulse: reason=move_pct_small+vol_mult_small+rsi_midrange
[2025-10-01 15:28:16] DEBUG | [61/100] LAUNCHCOINUSDT no-impulse: reason=move_pct_small+vol_mult_small+rsi_midrange
[2025-10-01 15:28:16] DEBUG | [62/100] XLMUSDT no-impulse: reason=move_pct_small+vol_mult_small+rsi_midrange
[2025-10-01 15:28:17] DEBUG | [63/100] ZENUSDT no-impulse: reason=move_pct_small+vol_mult_small+rsi_midrange
[2025-10-01 15:28:17] DEBUG | [64/100] VIRTUALUSDT no-impulse: reason=move_pct_small+vol_mult_small+rsi_midrange
[2025-10-01 15:28:17] DEBUG | [65/100] LIGHTUSDT no-impulse: reason=move_pct_small+vol_mult_small+rsi_midrange
[2025-10-01 15:28:17] DEBUG | [66/100] OPUSDT no-impulse: reason=move_pct_small+vol_mult_small+rsi_midrange
[2025-10-01 15:28:18] DEBUG | [67/100] XAUTUSDT no-impulse: reason=move_pct_small+vol_mult_small+rsi_midrange
[2025-10-01 15:28:18] DEBUG | [68/100] BLESSUSDT no-impulse: reason=move_pct_small+vol_mult_small+rsi_midrange
[2025-10-01 15:28:19] DEBUG | [69/100] GALAUSDT no-impulse: reason=move_pct_small+vol_mult_small+rsi_midrange
[2025-10-01 15:28:19] DEBUG | [70/100] PUMPBTCUSDT no-impulse: reason=move_pct_small+vol_mult_small+rsi_midrange
[2025-10-01 15:28:19] DEBUG | [71/100] HIFIUSDT no-impulse: reason=move_pct_small+vol_mult_small+rsi_midrange
[2025-10-01 15:28:19] DEBUG | [72/100] AIAUSDT no-impulse: reason=move_pct_small+vol_mult_small+rsi_midrange
[2025-10-01 15:28:19] DEBUG | [73/100] TONUSDT no-impulse: reason=move_pct_small+vol_mult_small
[2025-10-01 15:28:20] DEBUG | [74/100] MOODENGUSDT no-impulse: reason=move_pct_small+vol_mult_small+rsi_midrange
[2025-10-01 15:28:20] DEBUG | [75/100] HUSDT no-impulse: reason=move_pct_small+vol_mult_small+rsi_midrange
[2025-10-01 15:28:21] DEBUG | [76/100] SPXUSDT no-impulse: reason=move_pct_small+vol_mult_small+rsi_midrange
[2025-10-01 15:28:21] DEBUG | [77/100] BARDUSDT no-impulse: reason=move_pct_small+vol_mult_small+rsi_midrange
[2025-10-01 15:28:21] DEBUG | [78/100] ETCUSDT no-impulse: reason=move_pct_small+vol_mult_small+rsi_midrange
[2025-10-01 15:28:21] DEBUG | [79/100] IPUSDT no-impulse: reason=move_pct_small+vol_mult_small+rsi_midrange
[2025-10-01 15:28:21] DEBUG | [80/100] ETHFIUSDT no-impulse: reason=move_pct_small+vol_mult_small+rsi_midrange
[2025-10-01 15:28:22] DEBUG | [81/100] ZORAUSDT no-impulse: reason=move_pct_small+vol_mult_small+rsi_midrange
[2025-10-01 15:28:22] DEBUG | [82/100] LINEAUSDT no-impulse: reason=move_pct_small+vol_mult_small+rsi_midrange
[2025-10-01 15:28:22] DEBUG | [83/100] AI16ZUSDT no-impulse: reason=move_pct_small+vol_mult_small+rsi_midrange
[2025-10-01 15:28:22] DEBUG | [84/100] TIAUSDT no-impulse: reason=move_pct_small+vol_mult_small+rsi_midrange
[2025-10-01 15:28:23] DEBUG | [85/100] INJUSDT no-impulse: reason=move_pct_small+vol_mult_small+rsi_midrange
[2025-10-01 15:28:23] DEBUG | [86/100] SHIB1000USDT no-impulse: reason=move_pct_small+vol_mult_small+rsi_midrange
[2025-10-01 15:28:23] DEBUG | [87/100] TRXUSDT no-impulse: reason=move_pct_small+vol_mult_small+rsi_midrange
[2025-10-01 15:28:23] DEBUG | [88/100] SUSDT no-impulse: reason=move_pct_small+rsi_midrange
[2025-10-01 15:28:23] DEBUG | [89/100] BERAUSDT no-impulse: reason=move_pct_small+vol_mult_small+rsi_midrange
[2025-10-01 15:28:24] DEBUG | [90/100] ZKCUSDT no-impulse: reason=move_pct_small+vol_mult_small+rsi_midrange
[2025-10-01 15:28:24] DEBUG | [91/100] JUPUSDT no-impulse: reason=move_pct_small+vol_mult_small+rsi_midrange
[2025-10-01 15:28:25] DEBUG | [92/100] COWUSDT no-impulse: reason=move_pct_small+vol_mult_small+rsi_midrange
[2025-10-01 15:28:25] DEBUG | [93/100] USELESSUSDT no-impulse: reason=move_pct_small+vol_mult_small+rsi_midrange
[2025-10-01 15:28:25] DEBUG | [94/100] POPCATUSDT no-impulse: reason=move_pct_small+vol_mult_small+rsi_midrange
[2025-10-01 15:28:25] DEBUG | [95/100] IMXUSDT no-impulse: reason=move_pct_small+vol_mult_small+rsi_midrange
[2025-10-01 15:28:26] DEBUG | [96/100] WUSDT no-impulse: reason=move_pct_small+vol_mult_small+rsi_midrange
[2025-10-01 15:28:26] DEBUG | [97/100] ATOMUSDT no-impulse: reason=move_pct_small+vol_mult_small+rsi_midrange
[2025-10-01 15:28:26] DEBUG | [98/100] TAOUSDT no-impulse: reason=move_pct_small+vol_mult_small+rsi_midrange
[2025-10-01 15:28:26] DEBUG | [99/100] BIOUSDT no-impulse: reason=move_pct_small+vol_mult_small+rsi_midrange
[2025-10-01 15:28:26] DEBUG | [100/100] PYTHUSDT no-impulse: reason=move_pct_small+vol_mult_small+rsi_midrange
[2025-10-01 15:28:26] INFO | === Cycle #3 done in 25.24s; sleep 20s ===
[2025-10-01 15:28:46] INFO | === New cycle #4 | universe=100 ===
[2025-10-01 15:28:47] DEBUG | [1/100] SOLUSDT no-impulse: reason=move_pct_small+vol_mult_small+rsi_midrange
[2025-10-01 15:28:47] DEBUG | [2/100] XPLUSDT no-impulse: reason=move_pct_small+vol_mult_small+rsi_midrange
[2025-10-01 15:28:47] DEBUG | [3/100] XRPUSDT no-impulse: reason=move_pct_small+vol_mult_small+rsi_midrange
[2025-10-01 15:28:47] DEBUG | [4/100] ASTERUSDT no-impulse: reason=move_pct_small+vol_mult_small+rsi_midrange
[2025-10-01 15:28:47] DEBUG | [5/100] DOGEUSDT no-impulse: reason=move_pct_small+rsi_midrange
[2025-10-01 15:28:48] DEBUG | [6/100] ALPINEUSDT no-impulse: reason=move_pct_small+vol_mult_small+rsi_midrange
[2025-10-01 15:28:48] DEBUG | [7/100] FARTCOINUSDT no-impulse: reason=move_pct_small+vol_mult_small+rsi_midrange
[2025-10-01 15:28:48] DEBUG | [8/100] PUMPFUNUSDT no-impulse: reason=move_pct_small+vol_mult_small
[2025-10-01 15:28:48] DEBUG | [9/100] SUIUSDT no-impulse: reason=move_pct_small+vol_mult_small+rsi_midrange
[2025-10-01 15:28:49] DEBUG | [10/100] HYPEUSDT no-impulse: reason=move_pct_small+vol_mult_small+rsi_midrange
[2025-10-01 15:28:49] DEBUG | [11/100] SQDUSDT no-impulse: reason=move_pct_small+vol_mult_small+rsi_midrange
[2025-10-01 15:28:49] DEBUG | [12/100] ADAUSDT no-impulse: reason=move_pct_small+vol_mult_small+rsi_midrange
[2025-10-01 15:28:49] DEBUG | [13/100] SOMIUSDT no-impulse: reason=move_pct_small+vol_mult_small+rsi_midrange
[2025-10-01 15:28:49] DEBUG | [14/100] WIFUSDT no-impulse: reason=move_pct_small+vol_mult_small+rsi_midrange
[2025-10-01 15:28:50] DEBUG | [15/100] ENAUSDT no-impulse: reason=move_pct_small+vol_mult_small+rsi_midrange
[2025-10-01 15:28:50] DEBUG | [16/100] LINKUSDT no-impulse: reason=move_pct_small+vol_mult_small+rsi_midrange
[2025-10-01 15:28:50] DEBUG | [17/100] AVAXUSDT no-impulse: reason=move_pct_small+vol_mult_small+rsi_midrange
[2025-10-01 15:28:50] DEBUG | [18/100] BNBUSDT no-impulse: reason=move_pct_small+vol_mult_small+rsi_midrange
[2025-10-01 15:28:51] DEBUG | [19/100] FFUSDT no-impulse: reason=move_pct_small+vol_mult_small+rsi_midrange
[2025-10-01 15:28:51] DEBUG | [20/100] 1000PEPEUSDT no-impulse: reason=move_pct_small+vol_mult_small+rsi_midrange
[2025-10-01 15:28:51] DEBUG | [21/100] DRIFTUSDT no-impulse: reason=move_pct_small+vol_mult_small+rsi_midrange
[2025-10-01 15:28:51] DEBUG | [22/100] MYXUSDT no-impulse: reason=move_pct_small+vol_mult_small+rsi_midrange
[2025-10-01 15:28:51] DEBUG | [23/100] APEXUSDT no-impulse: reason=move_pct_small+vol_mult_small+rsi_midrange
[2025-10-01 15:28:52] DEBUG | [24/100] AVNTUSDT no-impulse: reason=move_pct_small+vol_mult_small+rsi_midrange
[2025-10-01 15:28:52] DEBUG | [25/100] MNTUSDT no-impulse: reason=move_pct_small+vol_mult_small+rsi_midrange
[2025-10-01 15:28:52] DEBUG | [26/100] 0GUSDT no-impulse: reason=move_pct_small+vol_mult_small+rsi_midrange
[2025-10-01 15:28:52] DEBUG | [27/100] ORDERUSDT no-impulse: reason=move_pct_small+vol_mult_small+rsi_midrange
[2025-10-01 15:28:53] DEBUG | [28/100] STBLUSDT no-impulse: reason=move_pct_small+vol_mult_small+rsi_midrange
[2025-10-01 15:28:53] DEBUG | [29/100] AAVEUSDT no-impulse: reason=move_pct_small+rsi_midrange
[2025-10-01 15:28:53] DEBUG | [30/100] MUSDT no-impulse: reason=move_pct_small+vol_mult_small+rsi_midrange
[2025-10-01 15:28:53] DEBUG | [31/100] ONDOUSDT no-impulse: reason=move_pct_small+vol_mult_small+rsi_midrange
[2025-10-01 15:28:54] DEBUG | [32/100] EDENUSDT no-impulse: reason=move_pct_small+vol_mult_small+rsi_midrange
[2025-10-01 15:28:54] DEBUG | [33/100] NEARUSDT no-impulse: reason=move_pct_small+vol_mult_small+rsi_midrange
[2025-10-01 15:28:54] DEBUG | [34/100] MIRAUSDT no-impulse: reason=move_pct_small+vol_mult_small+rsi_midrange
[2025-10-01 15:28:55] DEBUG | [35/100] XANUSDT no-impulse: reason=move_pct_small+vol_mult_small+rsi_midrange
[2025-10-01 15:28:55] DEBUG | [36/100] LTCUSDT no-impulse: reason=move_pct_small+vol_mult_small+rsi_midrange
[2025-10-01 15:28:55] DEBUG | [37/100] STRKUSDT no-impulse: reason=move_pct_small+vol_mult_small+rsi_midrange
[2025-10-01 15:28:55] DEBUG | [38/100] ZECUSDT no-impulse: reason=move_pct_small+vol_mult_small
[2025-10-01 15:28:56] DEBUG | [39/100] WLDUSDT no-impulse: reason=move_pct_small+vol_mult_small
[2025-10-01 15:28:56] DEBUG | [40/100] ARBUSDT no-impulse: reason=move_pct_small+vol_mult_small+rsi_midrange
[2025-10-01 15:28:56] DEBUG | [41/100] VFYUSDT no-impulse: reason=move_pct_small+vol_mult_small+rsi_midrange
[2025-10-01 15:28:57] DEBUG | [42/100] WLFIUSDT no-impulse: reason=move_pct_small+rsi_midrange
[2025-10-01 15:28:57] DEBUG | [43/100] AVLUSDT no-impulse: reason=move_pct_small+vol_mult_small+rsi_midrange
[2025-10-01 15:28:57] DEBUG | [44/100] DOTUSDT no-impulse: reason=move_pct_small+vol_mult_small+rsi_midrange
[2025-10-01 15:28:57] DEBUG | [45/100] KAITOUSDT no-impulse: reason=move_pct_small+vol_mult_small+rsi_midrange
[2025-10-01 15:28:58] DEBUG | [46/100] PENGUUSDT no-impulse: reason=move_pct_small+vol_mult_small+rsi_midrange
[2025-10-01 15:28:58] INFO | Interrupted by user. Bye!
[2025-10-01 15:40:23] INFO | Logging initialized: level=DEBUG, file=ON
[2025-10-01 15:40:23] INFO | Starting in REST mode...
[2025-10-01 15:40:23] INFO | Initializing REST scanner...
[2025-10-01 15:40:25] INFO | Fetched 666 linear tickers
[2025-10-01 15:40:25] INFO | Universe built: 100 symbols (min_notional=300000.0)
[2025-10-01 15:40:25] INFO | LOG_SYMBOL_FILTER active -> ['# СПИСОК ЧЕРЕЗ ЗАПЯТУЮ', 'PEPEUSDT', 'НАПРИМЕР: SOLUSDT']
[2025-10-01 15:40:25] INFO | Universe ready: 100 symbols
[2025-10-01 15:40:25] INFO | === New cycle #1 | universe=100 ===
[2025-10-01 15:40:25] DEBUG | [1/100] SOLUSDT no-impulse: reason=move_pct_small+vol_mult_small+rsi_midrange
[2025-10-01 15:40:26] DEBUG | [2/100] XPLUSDT no-impulse: reason=move_pct_small+vol_mult_small+rsi_midrange
[2025-10-01 15:40:26] DEBUG | [3/100] XRPUSDT no-impulse: reason=move_pct_small+vol_mult_small+rsi_midrange
[2025-10-01 15:40:26] DEBUG | [4/100] ASTERUSDT no-impulse: reason=move_pct_small+vol_mult_small+rsi_midrange
[2025-10-01 15:40:27] DEBUG | [5/100] DOGEUSDT no-impulse: reason=move_pct_small+vol_mult_small+rsi_midrange
[2025-10-01 15:40:27] DEBUG | [6/100] ALPINEUSDT no-impulse: reason=move_pct_small+vol_mult_small+rsi_midrange
[2025-10-01 15:40:27] DEBUG | [7/100] FARTCOINUSDT no-impulse: reason=move_pct_small+vol_mult_small+rsi_midrange
[2025-10-01 15:40:27] DEBUG | [8/100] PUMPFUNUSDT no-impulse: reason=move_pct_small+vol_mult_small+rsi_midrange
[2025-10-01 15:40:27] DEBUG | [9/100] SUIUSDT no-impulse: reason=move_pct_small+vol_mult_small+rsi_midrange
[2025-10-01 15:40:28] DEBUG | [10/100] HYPEUSDT no-impulse: reason=move_pct_small+vol_mult_small+rsi_midrange
[2025-10-01 15:40:28] DEBUG | [11/100] SQDUSDT no-impulse: reason=move_pct_small+vol_mult_small+rsi_midrange
[2025-10-01 15:40:28] DEBUG | [12/100] ADAUSDT no-impulse: reason=move_pct_small+vol_mult_small+rsi_midrange
[2025-10-01 15:40:28] DEBUG | [13/100] SOMIUSDT no-impulse: reason=move_pct_small+vol_mult_small+rsi_midrange
[2025-10-01 15:40:29] DEBUG | [14/100] WIFUSDT no-impulse: reason=move_pct_small+vol_mult_small+rsi_midrange
[2025-10-01 15:40:29] DEBUG | [15/100] ENAUSDT no-impulse: reason=move_pct_small+vol_mult_small+rsi_midrange
[2025-10-01 15:40:29] DEBUG | [16/100] LINKUSDT no-impulse: reason=move_pct_small+vol_mult_small+rsi_midrange
[2025-10-01 15:40:30] DEBUG | [17/100] AVAXUSDT no-impulse: reason=move_pct_small+vol_mult_small+rsi_midrange
[2025-10-01 15:40:30] DEBUG | [18/100] BNBUSDT no-impulse: reason=move_pct_small+vol_mult_small+rsi_midrange
[2025-10-01 15:40:30] DEBUG | [19/100] FFUSDT no-impulse: reason=move_pct_small+vol_mult_small+rsi_midrange
[2025-10-01 15:40:30] DEBUG | [20/100] 1000PEPEUSDT no-impulse: reason=move_pct_small+vol_mult_small+rsi_midrange
[2025-10-01 15:40:31] DEBUG | [21/100] DRIFTUSDT no-impulse: reason=move_pct_small+vol_mult_small+rsi_midrange
[2025-10-01 15:40:31] DEBUG | [22/100] MYXUSDT no-impulse: reason=move_pct_small+vol_mult_small+rsi_midrange
[2025-10-01 15:40:31] DEBUG | [23/100] APEXUSDT no-impulse: reason=move_pct_small+vol_mult_small+rsi_midrange
[2025-10-01 15:40:31] DEBUG | [24/100] AVNTUSDT no-impulse: reason=move_pct_small+vol_mult_small+rsi_midrange
[2025-10-01 15:40:32] DEBUG | [25/100] MNTUSDT no-impulse: reason=move_pct_small+vol_mult_small+rsi_midrange
[2025-10-01 15:40:32] DEBUG | [26/100] 0GUSDT no-impulse: reason=move_pct_small+vol_mult_small+rsi_midrange
[2025-10-01 15:40:32] DEBUG | [27/100] STBLUSDT no-impulse: reason=move_pct_small+vol_mult_small+rsi_midrange
[2025-10-01 15:40:32] DEBUG | [28/100] ORDERUSDT no-impulse: reason=move_pct_small+vol_mult_small+rsi_midrange
[2025-10-01 15:40:33] DEBUG | [29/100] AAVEUSDT no-impulse: reason=move_pct_small+rsi_midrange
[2025-10-01 15:40:33] DEBUG | [30/100] MUSDT no-impulse: reason=move_pct_small+vol_mult_small+rsi_midrange
[2025-10-01 15:40:33] DEBUG | [31/100] ONDOUSDT no-impulse: reason=move_pct_small+vol_mult_small+rsi_midrange
[2025-10-01 15:40:34] DEBUG | [32/100] NEARUSDT no-impulse: reason=move_pct_small+vol_mult_small+rsi_midrange
[2025-10-01 15:40:34] DEBUG | [33/100] EDENUSDT no-impulse: reason=move_pct_small+vol_mult_small+rsi_midrange
[2025-10-01 15:40:34] DEBUG | [34/100] LTCUSDT no-impulse: reason=move_pct_small+vol_mult_small+rsi_midrange
[2025-10-01 15:40:34] DEBUG | [35/100] MIRAUSDT no-impulse: reason=move_pct_small+vol_mult_small+rsi_midrange
[2025-10-01 15:40:34] DEBUG | [36/100] XANUSDT no-impulse: reason=move_pct_small+vol_mult_small+rsi_midrange
[2025-10-01 15:40:35] DEBUG | [37/100] ZECUSDT no-impulse: reason=move_pct_small+vol_mult_small+rsi_midrange
[2025-10-01 15:40:35] DEBUG | [38/100] STRKUSDT no-impulse: reason=move_pct_small+vol_mult_small+rsi_midrange
[2025-10-01 15:40:35] DEBUG | [39/100] WLDUSDT no-impulse: reason=move_pct_small+vol_mult_small+rsi_midrange
[2025-10-01 15:40:35] DEBUG | [40/100] ARBUSDT no-impulse: reason=move_pct_small+vol_mult_small+rsi_midrange
[2025-10-01 15:40:35] DEBUG | [41/100] VFYUSDT no-impulse: reason=vol_mult_small
[2025-10-01 15:40:36] DEBUG | [42/100] WLFIUSDT no-impulse: reason=move_pct_small+vol_mult_small+rsi_midrange
[2025-10-01 15:40:36] DEBUG | [43/100] DOTUSDT no-impulse: reason=move_pct_small+vol_mult_small+rsi_midrange
[2025-10-01 15:40:36] DEBUG | [44/100] AVLUSDT no-impulse: reason=move_pct_small+vol_mult_small+rsi_midrange
[2025-10-01 15:40:36] DEBUG | [45/100] KAITOUSDT no-impulse: reason=move_pct_small+vol_mult_small
[2025-10-01 15:40:37] DEBUG | [46/100] PENGUUSDT no-impulse: reason=move_pct_small+vol_mult_small+rsi_midrange
[2025-10-01 15:40:37] DEBUG | [47/100] EIGENUSDT no-impulse: reason=move_pct_small+vol_mult_small+rsi_midrange
[2025-10-01 15:40:37] DEBUG | [48/100] PENDLEUSDT no-impulse: reason=move_pct_small+vol_mult_small
[2025-10-01 15:40:37] DEBUG | [49/100] 1000BONKUSDT no-impulse: reason=move_pct_small+vol_mult_small+rsi_midrange
[2025-10-01 15:40:37] DEBUG | [50/100] LDOUSDT no-impulse: reason=move_pct_small+vol_mult_small+rsi_midrange
[2025-10-01 15:40:38] DEBUG | [51/100] CRVUSDT no-impulse: reason=move_pct_small+vol_mult_small+rsi_midrange
[2025-10-01 15:40:38] DEBUG | [52/100] APTUSDT no-impulse: reason=move_pct_small+vol_mult_small+rsi_midrange
[2025-10-01 15:40:38] DEBUG | [53/100] HBARUSDT no-impulse: reason=move_pct_small+vol_mult_small+rsi_midrange
[2025-10-01 15:40:38] DEBUG | [54/100] SEIUSDT no-impulse: reason=move_pct_small+vol_mult_small+rsi_midrange
[2025-10-01 15:40:38] DEBUG | [55/100] UNIUSDT no-impulse: reason=move_pct_small+vol_mult_small+rsi_midrange
[2025-10-01 15:40:39] DEBUG | [56/100] TRUMPUSDT no-impulse: reason=move_pct_small+vol_mult_small+rsi_midrange
[2025-10-01 15:40:39] DEBUG | [57/100] BCHUSDT no-impulse: reason=move_pct_small+vol_mult_small+rsi_midrange
[2025-10-01 15:40:39] DEBUG | [58/100] SNXUSDT no-impulse: reason=move_pct_small+vol_mult_small+rsi_midrange
[2025-10-01 15:40:39] DEBUG | [59/100] ATHUSDT no-impulse: reason=move_pct_small+vol_mult_small+rsi_midrange
[2025-10-01 15:40:39] DEBUG | [60/100] SUPERUSDT no-impulse: reason=move_pct_small+vol_mult_small+rsi_midrange
[2025-10-01 15:40:40] DEBUG | [61/100] LAUNCHCOINUSDT no-impulse: reason=move_pct_small+vol_mult_small+rsi_midrange
[2025-10-01 15:40:40] DEBUG | [62/100] XLMUSDT no-impulse: reason=move_pct_small+vol_mult_small+rsi_midrange
[2025-10-01 15:40:40] DEBUG | [63/100] LIGHTUSDT no-impulse: reason=move_pct_small+vol_mult_small+rsi_midrange
[2025-10-01 15:40:40] DEBUG | [64/100] VIRTUALUSDT no-impulse: reason=move_pct_small+vol_mult_small+rsi_midrange
[2025-10-01 15:40:41] DEBUG | [65/100] ZENUSDT no-impulse: reason=move_pct_small+vol_mult_small+rsi_midrange
[2025-10-01 15:40:41] DEBUG | [66/100] XAUTUSDT no-impulse: reason=move_pct_small+vol_mult_small+rsi_midrange
[2025-10-01 15:40:41] DEBUG | [67/100] OPUSDT no-impulse: reason=move_pct_small+vol_mult_small+rsi_midrange
[2025-10-01 15:40:41] DEBUG | [68/100] BLESSUSDT no-impulse: reason=move_pct_small+vol_mult_small+rsi_midrange
[2025-10-01 15:40:41] DEBUG | [69/100] GALAUSDT no-impulse: reason=move_pct_small+vol_mult_small+rsi_midrange
[2025-10-01 15:40:42] DEBUG | [70/100] HIFIUSDT no-impulse: reason=move_pct_small+vol_mult_small+rsi_midrange
[2025-10-01 15:40:42] DEBUG | [71/100] AIAUSDT no-impulse: reason=move_pct_small+vol_mult_small
[2025-10-01 15:40:42] DEBUG | [72/100] TONUSDT no-impulse: reason=move_pct_small+vol_mult_small
[2025-10-01 15:40:42] DEBUG | [73/100] PUMPBTCUSDT no-impulse: reason=move_pct_small+vol_mult_small+rsi_midrange
[2025-10-01 15:40:42] DEBUG | [74/100] MOODENGUSDT no-impulse: reason=move_pct_small+vol_mult_small+rsi_midrange
[2025-10-01 15:40:43] DEBUG | [75/100] HUSDT no-impulse: reason=move_pct_small+vol_mult_small+rsi_midrange
[2025-10-01 15:40:43] DEBUG | [76/100] SPXUSDT no-impulse: reason=move_pct_small+vol_mult_small+rsi_midrange
[2025-10-01 15:40:43] DEBUG | [77/100] BARDUSDT no-impulse: reason=move_pct_small+vol_mult_small
[2025-10-01 15:40:43] DEBUG | [78/100] ETCUSDT no-impulse: reason=move_pct_small+vol_mult_small+rsi_midrange
[2025-10-01 15:40:43] DEBUG | [79/100] IPUSDT no-impulse: reason=move_pct_small+vol_mult_small+rsi_midrange
[2025-10-01 15:40:44] DEBUG | [80/100] ETHFIUSDT no-impulse: reason=move_pct_small+vol_mult_small+rsi_midrange
[2025-10-01 15:40:44] DEBUG | [81/100] ZORAUSDT no-impulse: reason=move_pct_small+vol_mult_small+rsi_midrange
[2025-10-01 15:40:44] DEBUG | [82/100] LINEAUSDT no-impulse: reason=move_pct_small+vol_mult_small+rsi_midrange
[2025-10-01 15:40:44] DEBUG | [83/100] AI16ZUSDT no-impulse: reason=move_pct_small+vol_mult_small+rsi_midrange
[2025-10-01 15:40:45] DEBUG | [84/100] TIAUSDT no-impulse: reason=move_pct_small+vol_mult_small+rsi_midrange
[2025-10-01 15:40:45] DEBUG | [85/100] INJUSDT no-impulse: reason=move_pct_small+vol_mult_small+rsi_midrange
[2025-10-01 15:40:45] DEBUG | [86/100] SHIB1000USDT no-impulse: reason=move_pct_small+vol_mult_small+rsi_midrange
[2025-10-01 15:40:45] DEBUG | [87/100] TRXUSDT no-impulse: reason=move_pct_small
[2025-10-01 15:40:45] DEBUG | [88/100] SUSDT no-impulse: reason=move_pct_small+vol_mult_small+rsi_midrange
[2025-10-01 15:40:46] DEBUG | [89/100] BERAUSDT no-impulse: reason=move_pct_small+vol_mult_small+rsi_midrange
[2025-10-01 15:40:46] DEBUG | [90/100] JUPUSDT no-impulse: reason=move_pct_small+rsi_midrange
[2025-10-01 15:40:46] DEBUG | [91/100] ZKCUSDT no-impulse: reason=move_pct_small+vol_mult_small+rsi_midrange
[2025-10-01 15:40:46] DEBUG | [92/100] COWUSDT no-impulse: reason=move_pct_small+vol_mult_small+rsi_midrange
[2025-10-01 15:40:46] DEBUG | [93/100] USELESSUSDT no-impulse: reason=move_pct_small+vol_mult_small+rsi_midrange
[2025-10-01 15:40:47] DEBUG | [94/100] POPCATUSDT no-impulse: reason=move_pct_small+vol_mult_small+rsi_midrange
[2025-10-01 15:40:47] DEBUG | [95/100] WUSDT no-impulse: reason=move_pct_small+vol_mult_small+rsi_midrange
[2025-10-01 15:40:47] DEBUG | [96/100] IMXUSDT no-impulse: reason=move_pct_small+vol_mult_small+rsi_midrange
[2025-10-01 15:40:47] DEBUG | [97/100] TAOUSDT no-impulse: reason=move_pct_small+rsi_midrange
[2025-10-01 15:40:47] DEBUG | [98/100] ATOMUSDT no-impulse: reason=move_pct_small+vol_mult_small+rsi_midrange
[2025-10-01 15:40:48] DEBUG | [99/100] BIOUSDT no-impulse: reason=move_pct_small+vol_mult_small+rsi_midrange
[2025-10-01 15:40:48] DEBUG | [100/100] PYTHUSDT no-impulse: reason=move_pct_small+vol_mult_small+rsi_midrange
[2025-10-01 15:40:48] INFO | === Cycle #1 done in 22.99s; sleep 20s ===
[2025-10-01 15:41:06] INFO | Interrupted by user. Bye!
[2025-10-01 15:41:21] INFO | Logging initialized: level=DEBUG, file=ON
[2025-10-01 15:41:21] ERROR | Fatal error: No module named 'websockets'
Traceback (most recent call last):
  File "C:\Users\User\Projects\pump-dump-bot\main.py", line 474, in <module>
    from ws_scanner import run_ws_scanner
  File "C:\Users\User\Projects\pump-dump-bot\ws_scanner.py", line 29, in <module>
    import websockets
ModuleNotFoundError: No module named 'websockets'
[2025-10-01 15:41:42] INFO | Logging initialized: level=DEBUG, file=ON
[2025-10-01 15:41:43] INFO | Starting in WS mode...
[2025-10-01 15:41:43] INFO | WS mode starting...
[2025-10-01 15:41:43] INFO | WS universe: 100 symbols
[2025-10-01 15:41:44] INFO | WS connected. Subscribing to 100 symbols...
[2025-10-01 15:42:13] INFO | Interrupted by user. Bye!
[2025-10-01 15:42:43] INFO | Logging initialized: level=INFO, file=ON
[2025-10-01 15:42:43] INFO | Starting in WS mode...
[2025-10-01 15:42:43] INFO | WS mode starting...
[2025-10-01 15:42:43] INFO | WS universe: 100 symbols
[2025-10-01 15:42:44] INFO | WS connected. Subscribing to 100 symbols...
[2025-10-01 15:43:26] INFO | Interrupted by user. Bye!
